1743882812.517421 client started (256474): version 3.5a, socket /tmp/tmux-1000/default, protocol 8
1743882812.517435 on Linux 5.15.167.4-microsoft-standard-WSL2 #1 SMP Tue Nov 5 00:21:55 UTC 2024
1743882812.517437 using libevent 2.1.12-stable poll
1743882812.517579 using utf8proc 2.9.0
1743882812.517589 using ncurses 6.4 20221231
1743882812.517596 flags are 0x10010000
1743882812.517601 socket is /tmp/tmux-1000/default
1743882812.517606 trying connect
1743882812.517653 add peer 0xcf58840: 6 ((nil))
1743882812.517887 sending message 111 to peer 0xcf58840 (8 bytes)
1743882812.517904 sending message 111 to peer 0xcf58840 (8 bytes)
1743882812.517907 sending message 101 to peer 0xcf58840 (14 bytes)
1743882812.517908 sending message 109 to peer 0xcf58840 (4 bytes)
1743882812.517909 sending message 102 to peer 0xcf58840 (11 bytes)
1743882812.517911 sending message 108 to peer 0xcf58840 (32 bytes)
1743882812.517912 sending message 112 to peer 0xcf58840 (70 bytes)
1743882812.517913 sending message 112 to peer 0xcf58840 (5 bytes)
1743882812.517914 sending message 112 to peer 0xcf58840 (5 bytes)
1743882812.517915 sending message 112 to peer 0xcf58840 (6 bytes)
1743882812.517918 sending message 112 to peer 0xcf58840 (6 bytes)
1743882812.517919 sending message 112 to peer 0xcf58840 (11 bytes)
1743882812.517920 sending message 112 to peer 0xcf58840 (10 bytes)
1743882812.517921 sending message 112 to peer 0xcf58840 (13 bytes)
1743882812.517922 sending message 112 to peer 0xcf58840 (13 bytes)
1743882812.517924 sending message 112 to peer 0xcf58840 (18 bytes)
1743882812.517925 sending message 112 to peer 0xcf58840 (11 bytes)
1743882812.517926 sending message 112 to peer 0xcf58840 (10 bytes)
1743882812.517927 sending message 112 to peer 0xcf58840 (15 bytes)
1743882812.517928 sending message 112 to peer 0xcf58840 (21 bytes)
1743882812.517929 sending message 112 to peer 0xcf58840 (13 bytes)
1743882812.517930 sending message 112 to peer 0xcf58840 (7 bytes)
1743882812.517931 sending message 112 to peer 0xcf58840 (13 bytes)
1743882812.517932 sending message 112 to peer 0xcf58840 (7 bytes)
1743882812.517933 sending message 112 to peer 0xcf58840 (13 bytes)
1743882812.517934 sending message 112 to peer 0xcf58840 (9 bytes)
1743882812.517935 sending message 112 to peer 0xcf58840 (21 bytes)
1743882812.517936 sending message 112 to peer 0xcf58840 (13 bytes)
1743882812.517938 sending message 112 to peer 0xcf58840 (8 bytes)
1743882812.517939 sending message 112 to peer 0xcf58840 (12 bytes)
1743882812.517940 sending message 112 to peer 0xcf58840 (13 bytes)
1743882812.517941 sending message 112 to peer 0xcf58840 (9 bytes)
1743882812.517942 sending message 112 to peer 0xcf58840 (9 bytes)
1743882812.517943 sending message 112 to peer 0xcf58840 (12 bytes)
1743882812.517944 sending message 112 to peer 0xcf58840 (8 bytes)
1743882812.517945 sending message 112 to peer 0xcf58840 (8 bytes)
1743882812.517946 sending message 112 to peer 0xcf58840 (7 bytes)
1743882812.517948 sending message 112 to peer 0xcf58840 (7 bytes)
1743882812.517949 sending message 112 to peer 0xcf58840 (9 bytes)
1743882812.517950 sending message 112 to peer 0xcf58840 (13 bytes)
1743882812.517951 sending message 112 to peer 0xcf58840 (6 bytes)
1743882812.517952 sending message 112 to peer 0xcf58840 (9 bytes)
1743882812.517953 sending message 112 to peer 0xcf58840 (15 bytes)
1743882812.517954 sending message 112 to peer 0xcf58840 (13 bytes)
1743882812.517956 sending message 112 to peer 0xcf58840 (12 bytes)
1743882812.517957 sending message 112 to peer 0xcf58840 (8 bytes)
1743882812.517958 sending message 112 to peer 0xcf58840 (14 bytes)
1743882812.517959 sending message 112 to peer 0xcf58840 (11 bytes)
1743882812.517960 sending message 112 to peer 0xcf58840 (9 bytes)
1743882812.517961 sending message 112 to peer 0xcf58840 (10 bytes)
1743882812.517962 sending message 112 to peer 0xcf58840 (10 bytes)
1743882812.517964 sending message 112 to peer 0xcf58840 (10 bytes)
1743882812.517965 sending message 112 to peer 0xcf58840 (10 bytes)
1743882812.517966 sending message 112 to peer 0xcf58840 (11 bytes)
1743882812.517970 sending message 112 to peer 0xcf58840 (12 bytes)
1743882812.517971 sending message 112 to peer 0xcf58840 (12 bytes)
1743882812.517972 sending message 112 to peer 0xcf58840 (12 bytes)
1743882812.517974 sending message 112 to peer 0xcf58840 (12 bytes)
1743882812.517975 sending message 112 to peer 0xcf58840 (12 bytes)
1743882812.517976 sending message 112 to peer 0xcf58840 (11 bytes)
1743882812.517977 sending message 112 to peer 0xcf58840 (11 bytes)
1743882812.517978 sending message 112 to peer 0xcf58840 (12 bytes)
1743882812.517979 sending message 112 to peer 0xcf58840 (12 bytes)
1743882812.517980 sending message 112 to peer 0xcf58840 (12 bytes)
1743882812.517982 sending message 112 to peer 0xcf58840 (12 bytes)
1743882812.517983 sending message 112 to peer 0xcf58840 (12 bytes)
1743882812.517984 sending message 112 to peer 0xcf58840 (10 bytes)
1743882812.517985 sending message 112 to peer 0xcf58840 (12 bytes)
1743882812.517986 sending message 112 to peer 0xcf58840 (13 bytes)
1743882812.517987 sending message 112 to peer 0xcf58840 (13 bytes)
1743882812.517988 sending message 112 to peer 0xcf58840 (13 bytes)
1743882812.517990 sending message 112 to peer 0xcf58840 (13 bytes)
1743882812.517991 sending message 112 to peer 0xcf58840 (13 bytes)
1743882812.517992 sending message 112 to peer 0xcf58840 (8 bytes)
1743882812.517993 sending message 112 to peer 0xcf58840 (11 bytes)
1743882812.517994 sending message 112 to peer 0xcf58840 (11 bytes)
1743882812.517995 sending message 112 to peer 0xcf58840 (11 bytes)
1743882812.517996 sending message 112 to peer 0xcf58840 (12 bytes)
1743882812.517998 sending message 112 to peer 0xcf58840 (12 bytes)
1743882812.517999 sending message 112 to peer 0xcf58840 (12 bytes)
1743882812.518000 sending message 112 to peer 0xcf58840 (12 bytes)
1743882812.518001 sending message 112 to peer 0xcf58840 (13 bytes)
1743882812.518002 sending message 112 to peer 0xcf58840 (13 bytes)
1743882812.518003 sending message 112 to peer 0xcf58840 (13 bytes)
1743882812.518004 sending message 112 to peer 0xcf58840 (8 bytes)
1743882812.518005 sending message 112 to peer 0xcf58840 (13 bytes)
1743882812.518006 sending message 112 to peer 0xcf58840 (13 bytes)
1743882812.518008 sending message 112 to peer 0xcf58840 (13 bytes)
1743882812.518009 sending message 112 to peer 0xcf58840 (13 bytes)
1743882812.518010 sending message 112 to peer 0xcf58840 (13 bytes)
1743882812.518011 sending message 112 to peer 0xcf58840 (12 bytes)
1743882812.518012 sending message 112 to peer 0xcf58840 (12 bytes)
1743882812.518013 sending message 112 to peer 0xcf58840 (12 bytes)
1743882812.518014 sending message 112 to peer 0xcf58840 (12 bytes)
1743882812.518015 sending message 112 to peer 0xcf58840 (13 bytes)
1743882812.518017 sending message 112 to peer 0xcf58840 (8 bytes)
1743882812.518018 sending message 112 to peer 0xcf58840 (13 bytes)
1743882812.518019 sending message 112 to peer 0xcf58840 (13 bytes)
1743882812.518020 sending message 112 to peer 0xcf58840 (13 bytes)
1743882812.518021 sending message 112 to peer 0xcf58840 (13 bytes)
1743882812.518022 sending message 112 to peer 0xcf58840 (13 bytes)
1743882812.518023 sending message 112 to peer 0xcf58840 (13 bytes)
1743882812.518025 sending message 112 to peer 0xcf58840 (13 bytes)
1743882812.518026 sending message 112 to peer 0xcf58840 (12 bytes)
1743882812.518027 sending message 112 to peer 0xcf58840 (12 bytes)
1743882812.518028 sending message 112 to peer 0xcf58840 (12 bytes)
1743882812.518029 sending message 112 to peer 0xcf58840 (8 bytes)
1743882812.518031 sending message 112 to peer 0xcf58840 (12 bytes)
1743882812.518032 sending message 112 to peer 0xcf58840 (13 bytes)
1743882812.518033 sending message 112 to peer 0xcf58840 (13 bytes)
1743882812.518034 sending message 112 to peer 0xcf58840 (13 bytes)
1743882812.518035 sending message 112 to peer 0xcf58840 (13 bytes)
1743882812.518036 sending message 112 to peer 0xcf58840 (13 bytes)
1743882812.518038 sending message 112 to peer 0xcf58840 (13 bytes)
1743882812.518039 sending message 112 to peer 0xcf58840 (13 bytes)
1743882812.518040 sending message 112 to peer 0xcf58840 (13 bytes)
1743882812.518042 sending message 112 to peer 0xcf58840 (12 bytes)
1743882812.518043 sending message 112 to peer 0xcf58840 (10 bytes)
1743882812.518045 sending message 112 to peer 0xcf58840 (12 bytes)
1743882812.518046 sending message 112 to peer 0xcf58840 (12 bytes)
1743882812.518047 sending message 112 to peer 0xcf58840 (12 bytes)
1743882812.518048 sending message 112 to peer 0xcf58840 (13 bytes)
1743882812.518049 sending message 112 to peer 0xcf58840 (13 bytes)
1743882812.518050 sending message 112 to peer 0xcf58840 (13 bytes)
1743882812.518051 sending message 112 to peer 0xcf58840 (13 bytes)
1743882812.518052 sending message 112 to peer 0xcf58840 (13 bytes)
1743882812.518054 sending message 112 to peer 0xcf58840 (13 bytes)
1743882812.518055 sending message 112 to peer 0xcf58840 (13 bytes)
1743882812.518056 sending message 112 to peer 0xcf58840 (10 bytes)
1743882812.518057 sending message 112 to peer 0xcf58840 (13 bytes)
1743882812.518058 sending message 112 to peer 0xcf58840 (12 bytes)
1743882812.518059 sending message 112 to peer 0xcf58840 (12 bytes)
1743882812.518061 sending message 112 to peer 0xcf58840 (12 bytes)
1743882812.518062 sending message 112 to peer 0xcf58840 (10 bytes)
1743882812.518063 sending message 112 to peer 0xcf58840 (10 bytes)
1743882812.518064 sending message 112 to peer 0xcf58840 (10 bytes)
1743882812.518065 sending message 112 to peer 0xcf58840 (12 bytes)
1743882812.518066 sending message 112 to peer 0xcf58840 (13 bytes)
1743882812.518067 sending message 112 to peer 0xcf58840 (13 bytes)
1743882812.518068 sending message 112 to peer 0xcf58840 (13 bytes)
1743882812.518069 sending message 112 to peer 0xcf58840 (13 bytes)
1743882812.518071 sending message 112 to peer 0xcf58840 (13 bytes)
1743882812.518072 sending message 112 to peer 0xcf58840 (11 bytes)
1743882812.518073 sending message 112 to peer 0xcf58840 (11 bytes)
1743882812.518074 sending message 112 to peer 0xcf58840 (12 bytes)
1743882812.518075 sending message 112 to peer 0xcf58840 (12 bytes)
1743882812.518076 sending message 112 to peer 0xcf58840 (12 bytes)
1743882812.518077 sending message 112 to peer 0xcf58840 (12 bytes)
1743882812.518078 sending message 112 to peer 0xcf58840 (12 bytes)
1743882812.518080 sending message 112 to peer 0xcf58840 (11 bytes)
1743882812.518081 sending message 112 to peer 0xcf58840 (12 bytes)
1743882812.518082 sending message 112 to peer 0xcf58840 (12 bytes)
1743882812.518083 sending message 112 to peer 0xcf58840 (13 bytes)
1743882812.518084 sending message 112 to peer 0xcf58840 (13 bytes)
1743882812.518085 sending message 112 to peer 0xcf58840 (13 bytes)
1743882812.518087 sending message 112 to peer 0xcf58840 (13 bytes)
1743882812.518088 sending message 112 to peer 0xcf58840 (13 bytes)
1743882812.518089 sending message 112 to peer 0xcf58840 (10 bytes)
1743882812.518090 sending message 112 to peer 0xcf58840 (9 bytes)
1743882812.518091 sending message 112 to peer 0xcf58840 (12 bytes)
1743882812.518092 sending message 112 to peer 0xcf58840 (13 bytes)
1743882812.518093 sending message 112 to peer 0xcf58840 (13 bytes)
1743882812.518095 sending message 112 to peer 0xcf58840 (13 bytes)
1743882812.518096 sending message 112 to peer 0xcf58840 (13 bytes)
1743882812.518097 sending message 112 to peer 0xcf58840 (13 bytes)
1743882812.518098 sending message 112 to peer 0xcf58840 (9 bytes)
1743882812.518099 sending message 112 to peer 0xcf58840 (12 bytes)
1743882812.518100 sending message 112 to peer 0xcf58840 (13 bytes)
1743882812.518101 sending message 112 to peer 0xcf58840 (13 bytes)
1743882812.518102 sending message 112 to peer 0xcf58840 (13 bytes)
1743882812.518104 sending message 112 to peer 0xcf58840 (13 bytes)
1743882812.518105 sending message 112 to peer 0xcf58840 (13 bytes)
1743882812.518106 sending message 112 to peer 0xcf58840 (11 bytes)
1743882812.518107 sending message 112 to peer 0xcf58840 (12 bytes)
1743882812.518108 sending message 112 to peer 0xcf58840 (13 bytes)
1743882812.518110 sending message 112 to peer 0xcf58840 (13 bytes)
1743882812.518111 sending message 112 to peer 0xcf58840 (13 bytes)
1743882812.518113 sending message 112 to peer 0xcf58840 (13 bytes)
1743882812.518115 sending message 112 to peer 0xcf58840 (13 bytes)
1743882812.518116 sending message 112 to peer 0xcf58840 (11 bytes)
1743882812.518117 sending message 112 to peer 0xcf58840 (12 bytes)
1743882812.518118 sending message 112 to peer 0xcf58840 (12 bytes)
1743882812.518119 sending message 112 to peer 0xcf58840 (12 bytes)
1743882812.518120 sending message 112 to peer 0xcf58840 (12 bytes)
1743882812.518121 sending message 112 to peer 0xcf58840 (12 bytes)
1743882812.518122 sending message 112 to peer 0xcf58840 (21 bytes)
1743882812.518123 sending message 112 to peer 0xcf58840 (12 bytes)
1743882812.518125 sending message 112 to peer 0xcf58840 (9 bytes)
1743882812.518126 sending message 112 to peer 0xcf58840 (6 bytes)
1743882812.518127 sending message 112 to peer 0xcf58840 (13 bytes)
1743882812.518128 sending message 112 to peer 0xcf58840 (8 bytes)
1743882812.518129 sending message 112 to peer 0xcf58840 (15 bytes)
1743882812.518131 sending message 112 to peer 0xcf58840 (13 bytes)
1743882812.518132 sending message 112 to peer 0xcf58840 (9 bytes)
1743882812.518133 sending message 112 to peer 0xcf58840 (70 bytes)
1743882812.518134 sending message 112 to peer 0xcf58840 (69 bytes)
1743882812.518136 sending message 112 to peer 0xcf58840 (10 bytes)
1743882812.518137 sending message 112 to peer 0xcf58840 (10 bytes)
1743882812.518138 sending message 112 to peer 0xcf58840 (8 bytes)
1743882812.518139 sending message 112 to peer 0xcf58840 (15 bytes)
1743882812.518141 sending message 112 to peer 0xcf58840 (13 bytes)
1743882812.518142 sending message 112 to peer 0xcf58840 (10 bytes)
1743882812.518143 sending message 112 to peer 0xcf58840 (10 bytes)
1743882812.518144 sending message 112 to peer 0xcf58840 (17 bytes)
1743882812.518145 sending message 112 to peer 0xcf58840 (10 bytes)
1743882812.518146 sending message 112 to peer 0xcf58840 (13 bytes)
1743882812.518148 sending message 112 to peer 0xcf58840 (9 bytes)
1743882812.518149 sending message 112 to peer 0xcf58840 (5 bytes)
1743882812.518150 sending message 112 to peer 0xcf58840 (15 bytes)
1743882812.518151 sending message 104 to peer 0xcf58840 (0 bytes)
1743882812.518153 sending message 110 to peer 0xcf58840 (0 bytes)
1743882812.518154 sending message 107 to peer 0xcf58840 (4 bytes)
1743882812.518156 sending message 105 to peer 0xcf58840 (20 bytes)
1743882812.518157 sending message 105 to peer 0xcf58840 (54 bytes)
1743882812.518158 sending message 105 to peer 0xcf58840 (11 bytes)
1743882812.518160 sending message 105 to peer 0xcf58840 (19 bytes)
1743882812.518161 sending message 105 to peer 0xcf58840 (16 bytes)
1743882812.518162 sending message 105 to peer 0xcf58840 (13 bytes)
1743882812.518163 sending message 105 to peer 0xcf58840 (16 bytes)
1743882812.518164 sending message 105 to peer 0xcf58840 (23 bytes)
1743882812.518166 sending message 105 to peer 0xcf58840 (21 bytes)
1743882812.518167 sending message 105 to peer 0xcf58840 (70 bytes)
1743882812.518168 sending message 105 to peer 0xcf58840 (53 bytes)
1743882812.518169 sending message 105 to peer 0xcf58840 (1141 bytes)
1743882812.518175 sending message 105 to peer 0xcf58840 (40 bytes)
1743882812.518176 sending message 105 to peer 0xcf58840 (36 bytes)
1743882812.518177 sending message 105 to peer 0xcf58840 (66 bytes)
1743882812.518179 sending message 105 to peer 0xcf58840 (8 bytes)
1743882812.518180 sending message 105 to peer 0xcf58840 (19 bytes)
1743882812.518181 sending message 105 to peer 0xcf58840 (18 bytes)
1743882812.518182 sending message 105 to peer 0xcf58840 (26 bytes)
1743882812.518183 sending message 105 to peer 0xcf58840 (37 bytes)
1743882812.518185 sending message 105 to peer 0xcf58840 (13 bytes)
1743882812.518186 sending message 105 to peer 0xcf58840 (13 bytes)
1743882812.518187 sending message 105 to peer 0xcf58840 (26 bytes)
1743882812.518188 sending message 105 to peer 0xcf58840 (24 bytes)
1743882812.518189 sending message 105 to peer 0xcf58840 (56 bytes)
1743882812.518191 sending message 105 to peer 0xcf58840 (23 bytes)
1743882812.518194 sending message 105 to peer 0xcf58840 (33 bytes)
1743882812.518195 sending message 105 to peer 0xcf58840 (203 bytes)
1743882812.518197 sending message 105 to peer 0xcf58840 (32 bytes)
1743882812.518198 sending message 105 to peer 0xcf58840 (38 bytes)
1743882812.518199 sending message 105 to peer 0xcf58840 (39 bytes)
1743882812.518200 sending message 105 to peer 0xcf58840 (25 bytes)
1743882812.518201 sending message 105 to peer 0xcf58840 (12 bytes)
1743882812.518202 sending message 105 to peer 0xcf58840 (26 bytes)
1743882812.518204 sending message 105 to peer 0xcf58840 (268 bytes)
1743882812.518205 sending message 105 to peer 0xcf58840 (31 bytes)
1743882812.518206 sending message 105 to peer 0xcf58840 (112 bytes)
1743882812.518207 sending message 105 to peer 0xcf58840 (28 bytes)
1743882812.518209 sending message 105 to peer 0xcf58840 (29 bytes)
1743882812.518210 sending message 105 to peer 0xcf58840 (11 bytes)
1743882812.518211 sending message 105 to peer 0xcf58840 (8 bytes)
1743882812.518212 sending message 105 to peer 0xcf58840 (32 bytes)
1743882812.518214 sending message 105 to peer 0xcf58840 (1519 bytes)
1743882812.518215 sending message 106 to peer 0xcf58840 (0 bytes)
1743882812.518243 sending message 200 to peer 0xcf58840 (4 bytes)
1743882812.518245 client loop enter
1743882812.519699 peer 0xcf58840 message 303
1743882812.519713 open write file 2 -
1743882812.519719 sending message 305 to peer 0xcf58840 (8 bytes)
1743882812.519724 write check file 2
1743882812.519772 peer 0xcf58840 message 304
1743882812.519782 write 58 to file 2
1743882812.519784 peer 0xcf58840 message 203
1743882812.519786 file 2 58 bytes left
1743882812.519798 write check file 2
1743882812.519807 client loop exit
